0 info it worked if it ends with ok
1 verbose cli [ 'c:\\Program Files\\nodejs\\node.exe',
1 verbose cli   'c:\\Program Files\\nodejs\\node_modules\\npm\\bin\\npm-cli.js',
1 verbose cli   'install',
1 verbose cli   '-g',
1 verbose cli   'n' ]
2 info using npm@1.4.28
3 info using node@v0.10.35
4 verbose cache add [ 'n', null ]
5 verbose cache add name=undefined spec="n" args=["n",null]
6 verbose parsed url { protocol: null,
6 verbose parsed url   slashes: null,
6 verbose parsed url   auth: null,
6 verbose parsed url   host: null,
6 verbose parsed url   port: null,
6 verbose parsed url   hostname: null,
6 verbose parsed url   hash: null,
6 verbose parsed url   search: null,
6 verbose parsed url   query: null,
6 verbose parsed url   pathname: 'n',
6 verbose parsed url   path: 'n',
6 verbose parsed url   href: 'n' }
7 silly lockFile d1854cae-n n
8 verbose lock n C:\Users\Chao.Fu\AppData\Roaming\npm-cache\d1854cae-n.lock
9 silly lockFile d1854cae-n n
10 silly lockFile d1854cae-n n
11 verbose addNamed [ 'n', '' ]
12 verbose addNamed [ null, '*' ]
13 silly lockFile 6b58d7dc-n n@
14 verbose lock n@ C:\Users\Chao.Fu\AppData\Roaming\npm-cache\6b58d7dc-n.lock
15 silly addNameRange { name: 'n', range: '*', hasData: false }
16 verbose request where is /n
17 verbose request registry https://registry.npmjs.org/
18 verbose request id 29ba016576d68e18
19 verbose url raw /n
20 verbose url resolving [ 'https://registry.npmjs.org/', './n' ]
21 verbose url resolved https://registry.npmjs.org/n
22 verbose request where is https://registry.npmjs.org/n
23 info trying registry request attempt 1 at 14:46:38
24 http GET https://registry.npmjs.org/n
25 http 200 https://registry.npmjs.org/n
26 silly registry.get cb [ 200,
26 silly registry.get   { server: 'CouchDB/1.5.0 (Erlang OTP/R16B03)',
26 silly registry.get     etag: '"39UI3LQWJ45QY7CBUDPX88UI"',
26 silly registry.get     'content-type': 'application/json',
26 silly registry.get     'cache-control': 'max-age=300',
26 silly registry.get     'content-length': '55867',
26 silly registry.get     'accept-ranges': 'bytes',
26 silly registry.get     date: 'Tue, 01 Mar 2016 06:46:37 GMT',
26 silly registry.get     via: '1.1 varnish',
26 silly registry.get     age: '263',
26 silly registry.get     connection: 'keep-alive',
26 silly registry.get     'x-served-by': 'cache-lhr6321-LHR',
26 silly registry.get     'x-cache': 'HIT',
26 silly registry.get     'x-cache-hits': '10',
26 silly registry.get     'x-timer': 'S1456814797.611929,VS0,VE0',
26 silly registry.get     vary: 'Accept' } ]
27 silly addNameRange number 2 { name: 'n', range: '*', hasData: true }
28 silly addNameRange versions [ 'n',
28 silly addNameRange   [ '0.0.1',
28 silly addNameRange     '0.0.2',
28 silly addNameRange     '0.0.3',
28 silly addNameRange     '0.0.4',
28 silly addNameRange     '0.1.0',
28 silly addNameRange     '0.1.1',
28 silly addNameRange     '0.1.2',
28 silly addNameRange     '0.2.0',
28 silly addNameRange     '0.2.1',
28 silly addNameRange     '0.2.2',
28 silly addNameRange     '0.3.0',
28 silly addNameRange     '0.4.0',
28 silly addNameRange     '0.4.1',
28 silly addNameRange     '0.4.2',
28 silly addNameRange     '0.5.0',
28 silly addNameRange     '0.5.1',
28 silly addNameRange     '0.5.2',
28 silly addNameRange     '0.5.3',
28 silly addNameRange     '0.5.4',
28 silly addNameRange     '0.6.0',
28 silly addNameRange     '0.6.1',
28 silly addNameRange     '0.7.0',
28 silly addNameRange     '0.7.1',
28 silly addNameRange     '0.7.2',
28 silly addNameRange     '0.7.3',
28 silly addNameRange     '0.8.0',
28 silly addNameRange     '0.8.1',
28 silly addNameRange     '0.8.2',
28 silly addNameRange     '0.9.0',
28 silly addNameRange     '0.9.1',
28 silly addNameRange     '0.9.2',
28 silly addNameRange     '0.9.3',
28 silly addNameRange     '1.0.0',
28 silly addNameRange     '1.1.0',
28 silly addNameRange     '1.2.1',
28 silly addNameRange     '1.2.2',
28 silly addNameRange     '1.2.3',
28 silly addNameRange     '1.2.4',
28 silly addNameRange     '1.2.5',
28 silly addNameRange     '1.2.6',
28 silly addNameRange     '1.2.7',
28 silly addNameRange     '1.2.8',
28 silly addNameRange     '1.2.9',
28 silly addNameRange     '1.2.11',
28 silly addNameRange     '1.2.13',
28 silly addNameRange     '1.2.14',
28 silly addNameRange     '1.3.0',
28 silly addNameRange     '1.4.0',
28 silly addNameRange     '2.0.0',
28 silly addNameRange     '1.4.1',
28 silly addNameRange     '2.0.1',
28 silly addNameRange     '1.4.2',
28 silly addNameRange     '2.0.2',
28 silly addNameRange     '2.1.0' ] ]
29 verbose addNamed [ 'n', '2.1.0' ]
30 verbose addNamed [ '2.1.0', '2.1.0' ]
31 silly lockFile 0a8123fc-n-2-1-0 n@2.1.0
32 verbose lock n@2.1.0 C:\Users\Chao.Fu\AppData\Roaming\npm-cache\0a8123fc-n-2-1-0.lock
33 silly lockFile 0a17a2ed-registry-npmjs-org-n-n-2-1-0-tgz https://registry.npmjs.org/n/-/n-2.1.0.tgz
34 verbose lock https://registry.npmjs.org/n/-/n-2.1.0.tgz C:\Users\Chao.Fu\AppData\Roaming\npm-cache\0a17a2ed-registry-npmjs-org-n-n-2-1-0-tgz.lock
35 verbose addRemoteTarball [ 'https://registry.npmjs.org/n/-/n-2.1.0.tgz',
35 verbose addRemoteTarball   '4fc736dc18291e464c79fda9ef8faf21e6e1a679' ]
36 info retry fetch attempt 1 at 14:46:40
37 verbose fetch to= C:\Users\Chao.Fu\AppData\Local\Temp\npm-9832-Iyy1ch9e\registry.npmjs.org\n\-\n-2.1.0.tgz
38 http GET https://registry.npmjs.org/n/-/n-2.1.0.tgz
39 http 200 https://registry.npmjs.org/n/-/n-2.1.0.tgz
40 silly lockFile 0a17a2ed-registry-npmjs-org-n-n-2-1-0-tgz https://registry.npmjs.org/n/-/n-2.1.0.tgz
41 silly lockFile 0a17a2ed-registry-npmjs-org-n-n-2-1-0-tgz https://registry.npmjs.org/n/-/n-2.1.0.tgz
42 silly lockFile 0a8123fc-n-2-1-0 n@2.1.0
43 silly lockFile 0a8123fc-n-2-1-0 n@2.1.0
44 silly lockFile 6b58d7dc-n n@
45 silly lockFile 6b58d7dc-n n@
46 silly resolved [ { name: 'n',
46 silly resolved     description: 'Interactively Manage All Your Node Versions',
46 silly resolved     version: '2.1.0',
46 silly resolved     author: { name: 'TJ Holowaychuk', email: 'tj@vision-media.ca' },
46 silly resolved     homepage: 'https://github.com/tj/n',
46 silly resolved     bugs: { url: 'https://github.com/tj/n/issues' },
46 silly resolved     contributors: [ [Object], [Object], [Object] ],
46 silly resolved     keywords:
46 silly resolved      [ 'nvm',
46 silly resolved        'node',
46 silly resolved        'version',
46 silly resolved        'manager',
46 silly resolved        'switcher',
46 silly resolved        'node',
46 silly resolved        'binary',
46 silly resolved        'env' ],
46 silly resolved     bin: { n: './bin/n' },
46 silly resolved     repository: { type: 'git', url: 'git://github.com/tj/n.git' },
46 silly resolved     preferGlobal: true,
46 silly resolved     os: [ '!win32' ],
46 silly resolved     engines: { node: '*' },
46 silly resolved     license: 'MIT',
46 silly resolved     gitHead: '17ef0bf936c9ddb57b174d79f81ae04d8257883e',
46 silly resolved     _id: 'n@2.1.0',
46 silly resolved     scripts: {},
46 silly resolved     _shasum: '4fc736dc18291e464c79fda9ef8faf21e6e1a679',
46 silly resolved     _from: 'n@',
46 silly resolved     _npmVersion: '3.3.12',
46 silly resolved     _nodeVersion: '5.3.0',
46 silly resolved     _npmUser: { name: 'qw3rtman', email: 'me@nimit.io' },
46 silly resolved     dist:
46 silly resolved      { shasum: '4fc736dc18291e464c79fda9ef8faf21e6e1a679',
46 silly resolved        tarball: 'http://registry.npmjs.org/n/-/n-2.1.0.tgz' },
46 silly resolved     maintainers: [ [Object], [Object], [Object], [Object], [Object], [Object] ],
46 silly resolved     directories: {},
46 silly resolved     _resolved: 'https://registry.npmjs.org/n/-/n-2.1.0.tgz' } ]
47 info install n@2.1.0 into C:\Users\Chao.Fu\AppData\Roaming\npm
48 info installOne n@2.1.0
49 error notsup Unsupported
49 error notsup Not compatible with your operating system or architecture: n@2.1.0
49 error notsup Valid OS:    !win32
49 error notsup Valid Arch:  any
49 error notsup Actual OS:   win32
49 error notsup Actual Arch: x64
50 error System Windows_NT 6.2.9200
51 error command "c:\\Program Files\\nodejs\\node.exe" "c:\\Program Files\\nodejs\\node_modules\\npm\\bin\\npm-cli.js" "install" "-g" "n"
52 error cwd e:\project\gulp-test
53 error node -v v0.10.35
54 error npm -v 1.4.28
55 error code EBADPLATFORM
56 verbose exit [ 1, true ]
